<?xml version="1.0" encoding="UTF-8"?>
<!-- Generated by org.testng.reporters.JUnitReportReporter -->
<testsuite hostname="DESKTOP-0VE5E32" failures="0" tests="1" name="test.ThreeTest" time="58.493" errors="0" timestamp="2022-10-07T14:47:25 IST" skipped="0">
  <testcase classname="test.ThreeTest" name="threeTest" time="58.493"/>
  <system-out/>
</testsuite> <!-- test.ThreeTest -->
