<?xml version="1.0" encoding="UTF-8"?>
<!-- Generated by org.testng.reporters.JUnitReportReporter -->
<testsuite hostname="DESKTOP-0VE5E32" failures="0" tests="2" name="test.LoginTest" time="78.429" errors="0" timestamp="2022-10-07T14:47:25 IST" skipped="0">
  <testcase classname="test.LoginTest" name="login" time="19.695"/>
  <system-out/>
  <testcase classname="test.LoginTest" name="login" time="58.734"/>
  <system-out/>
</testsuite> <!-- test.LoginTest -->
