<?xml version="1.0" encoding="UTF-8"?>
<!-- Generated by org.testng.reporters.JUnitReportReporter -->
<testsuite hostname="DESKTOP-0VE5E32" failures="0" tests="1" name="test.TwoTest" time="56.486" errors="0" timestamp="2022-10-07T14:47:25 IST" skipped="0">
  <testcase classname="test.TwoTest" name="twoTest" time="56.486"/>
  <system-out/>
</testsuite> <!-- test.TwoTest -->
