<?xml version="1.0" encoding="UTF-8"?>
<!-- Generated by org.testng.reporters.JUnitReportReporter -->
<testsuite hostname="DESKTOP-0VE5E32" failures="0" tests="1" name="test.FourTest" time="0.000" errors="0" timestamp="2022-10-04T13:49:02 IST" skipped="0">
  <testcase classname="test.FourTest" name="fourTest" time="0.000"/>
  <system-out/>
</testsuite> <!-- test.FourTest -->
