<?xml version="1.0" encoding="UTF-8"?>
<!-- Generated by org.testng.reporters.JUnitReportReporter -->
<testsuite hostname="DESKTOP-0VE5E32" failures="0" tests="2" name="test.LoginTest" time="43.575" errors="0" timestamp="2022-10-04T13:49:02 IST" skipped="0">
  <testcase classname="test.LoginTest" name="login" time="30.070"/>
  <system-out/>
  <testcase classname="test.LoginTest" name="login" time="13.505"/>
  <system-out/>
</testsuite> <!-- test.LoginTest -->
