<?xml version="1.0" encoding="UTF-8"?>
<!-- Generated by org.testng.reporters.JUnitReportReporter -->
<testsuite hostname="DESKTOP-0VE5E32" failures="0" tests="1" name="test.ThreeTest" time="0.008" errors="0" timestamp="2022-10-04T13:49:02 IST" skipped="0">
  <testcase classname="test.ThreeTest" name="threeTest" time="0.008"/>
  <system-out/>
</testsuite> <!-- test.ThreeTest -->
